<?xml version="1.0" encoding="UTF-8" ?>
<testsuite errors="0" failures="0" hostname="Le-Beast-3.local" name="com.flatironschool.javacs.WikiPhilosophyTest" skipped="0" tests="1" time="5.637" timestamp="2016-06-05T11:10:25">
  <properties>
[...]
</properties>
  <testcase classname="com.flatironschool.javacs.WikiPhilosophyTest" name="testMain" time="5.227" />
  <system-out><![CDATA[Fetching https://en.wikipedia.org/wiki/Java_(programming_language)
<p><b>Java</b> is a general-purpose <a href="/wiki/Programming_language" title="Programming language">computer programming language</a> that is <a href="/wiki/Concurrent_computing" title="Concurrent computing">concurrent</a>, <a href="/wiki/Class-based_programming" title="Class-based programming">class-based</a>, <a href="/wiki/Object-oriented_programming" title="Object-oriented programming">object-oriented</a>,<sup id="cite_ref-FOOTNOTEGoslingJoySteeleBracha20141_14-0" class="reference"><a href="#cite_note-FOOTNOTEGoslingJoySteeleBracha20141-14">[14]</a></sup> and specifically designed to have as few implementation dependencies as possible. It is intended to let application developers "<a href="/wiki/Write_once,_run_anywhere" title="Write once, run anywhere">write once, run anywhere</a>" (WORA),<sup id="cite_ref-15" class="reference"><a href="#cite_note-15">[15]</a></sup> meaning that <a href="/wiki/Compiler" title="Compiler">compiled</a> Java code can run on all platforms that support Java without the need for recompilation.<sup id="cite_ref-design_goals_16-0" class="reference"><a href="#cite_note-design_goals-16">[16]</a></sup> Java applications are typically compiled to <a href="/wiki/Java_bytecode" title="Java bytecode">bytecode</a> that can run on any <a href="/wiki/Java_virtual_machine" title="Java virtual machine">Java virtual machine</a> (JVM) regardless of <a href="/wiki/Computer_architecture" title="Computer architecture">computer architecture</a>. As of 2016, Java is one of the most <a href="/wiki/Measuring_programming_language_popularity" title="Measuring programming language popularity">popular programming languages in use</a>,<sup id="cite_ref-17" class="reference"><a href="#cite_note-17">[17]</a></sup><sup id="cite_ref-18" class="reference"><a href="#cite_note-18">[18]</a></sup><sup id="cite_ref-languagepopularity2013_19-0" class="reference"><a href="#cite_note-languagepopularity2013-19">[19]</a></sup><sup id="cite_ref-20" class="reference"><a href="#cite_note-20">[20]</a></sup> particularly for client-server web applications, with a reported 9 million developers.<sup class="noprint Inline-Template Template-Fact" style="white-space:nowrap;">[<i><a href="/wiki/Wikipedia:Citation_needed" title="Wikipedia:Citation needed"><span title="This claim needs references to reliable sources. (April 2015)">citation needed</span></a></i>]</sup> Java was originally developed by <a href="/wiki/James_Gosling" title="James Gosling">James Gosling</a> at <a href="/wiki/Sun_Microsystems" title="Sun Microsystems">Sun Microsystems</a> (which has since been <a href="/wiki/Sun_acquisition_by_Oracle" title="Sun acquisition by Oracle">acquired by Oracle Corporation</a>) and released in 1995 as a core component of Sun Microsystems' <a href="/wiki/Java_(software_platform)" title="Java (software platform)">Java platform</a>. The language derives much of its <a href="/wiki/Syntax_(programming_languages)" title="Syntax (programming languages)">syntax</a> from <a href="/wiki/C_(programming_language)" title="C (programming language)">C</a> and <a href="/wiki/C%2B%2B" title="C++">C++</a>, but it has fewer <a href="/wiki/Low-level_programming_language" title="Low-level programming language">low-level</a> facilities than either of them.</p> is not link
<b>Java</b> is not link
checking  is a general-purpose 
count is now 0
got https://en.wikipedia.org/wiki/Programming_language
Fetching https://en.wikipedia.org/wiki/Programming_language
<p>A <b>programming language</b> is a <a href="/wiki/Formal_language" title="Formal language">formal</a> <a href="/wiki/Computer_language" title="Computer language">computer language</a> or <a href="/wiki/Constructed_language" title="Constructed language">constructed language</a> designed to communicate <a href="/wiki/Machine_instruction" class="mw-redirect" title="Machine instruction">instructions</a> to a <a href="/wiki/Machine" title="Machine">machine</a>, particularly a <a href="/wiki/Computer" title="Computer">computer</a>. Programming languages can be used to create <a href="/wiki/Program_(machine)" title="Program (machine)">programs</a> to control the behavior of a machine or to express <a href="/wiki/Algorithm" title="Algorithm">algorithms</a>.</p> is not link
checking A 
count is now 0
<b>programming language</b> is not link
checking  is a 
count is now 0
got https://en.wikipedia.org/wiki/Formal_language
Fetching https://en.wikipedia.org/wiki/Formal_language
<p>In <a href="/wiki/Mathematics" title="Mathematics">mathematics</a>, <a href="/wiki/Computer_science" title="Computer science">computer science</a>, and <a href="/wiki/Linguistics" title="Linguistics">linguistics</a>, a <b>formal language</b> is a <a href="/wiki/Set_(mathematics)" title="Set (mathematics)">set</a> of <a href="/wiki/String_(computer_science)" title="String (computer science)">strings</a> of <a href="/wiki/Symbol_(formal)" title="Symbol (formal)">symbols</a> that may be constrained by rules that are specific to it.</p> is not link
checking In 
count is now 0
got https://en.wikipedia.org/wiki/Mathematics
Fetching https://en.wikipedia.org/wiki/Mathematics
<p><b>Mathematics</b> (from <a href="/wiki/Ancient_Greek" title="Ancient Greek">Greek</a> μάθημα <i>máthēma</i>, “knowledge, study, learning”) is the study of topics such as <a href="/wiki/Quantity" title="Quantity">quantity</a> (<a href="/wiki/Number" title="Number">numbers</a>),<sup id="cite_ref-OED_2-0" class="reference"><a href="#cite_note-OED-2">[2]</a></sup> <a href="/wiki/Structure" title="Structure">structure</a>,<sup id="cite_ref-Kneebone_3-0" class="reference"><a href="#cite_note-Kneebone-3">[3]</a></sup> <a href="/wiki/Space" title="Space">space</a>,<sup id="cite_ref-OED_2-1" class="reference"><a href="#cite_note-OED-2">[2]</a></sup> and <a href="/wiki/Calculus" title="Calculus">change</a>.<sup id="cite_ref-LaTorre_4-0" class="reference"><a href="#cite_note-LaTorre-4">[4]</a></sup><sup id="cite_ref-Ramana_5-0" class="reference"><a href="#cite_note-Ramana-5">[5]</a></sup><sup id="cite_ref-Ziegler_6-0" class="reference"><a href="#cite_note-Ziegler-6">[6]</a></sup> There is a range of views among mathematicians and philosophers as to the exact scope and <a href="/wiki/Definition_of_mathematics" class="mw-redirect" title="Definition of mathematics">definition of mathematics</a>.<sup id="cite_ref-Mura_7-0" class="reference"><a href="#cite_note-Mura-7">[7]</a></sup><sup id="cite_ref-Runge_8-0" class="reference"><a href="#cite_note-Runge-8">[8]</a></sup></p> is not link
<b>Mathematics</b> is not link
checking  (from 
count is now 1
checking  μάθημα 
count is now 1
checking , “knowledge, study, learning”) is the study of topics such as 
count is now 0
got https://en.wikipedia.org/wiki/Quantity
Fetching https://en.wikipedia.org/wiki/Quantity
<p><b>Quantity</b> is a <a href="/wiki/Property_(philosophy)" title="Property (philosophy)">property</a> that can exist as a <a href="/wiki/Magnitude_(mathematics)" title="Magnitude (mathematics)">magnitude</a> or <a href="/wiki/Counting" title="Counting">multitude</a>. Quantities can be compared in terms of "more," "less," or "equal," or by assigning a numerical value in terms of a unit of measurement. Quantity is among the basic <a href="/wiki/Class_(philosophy)" title="Class (philosophy)">classes</a> of things along with <a href="/wiki/Quality_(philosophy)" title="Quality (philosophy)">quality</a>, <a href="/wiki/Substance_theory" title="Substance theory">substance</a>, <a href="/wiki/Change_(mathematics)" title="Change (mathematics)" class="mw-redirect">change</a>, and relation. Some quantities are such by their inner nature (as number), while others are functioning as states (properties, dimensions, attributes) of things such as heavy and light, long and short, broad and narrow, small and great, or much and little. A small quantity is sometimes referred to as a <b>quantulum</b>.</p> is not link
<b>Quantity</b> is not link
checking  is a 
count is now 0
got https://en.wikipedia.org/wiki/Property_(philosophy)
Fetching https://en.wikipedia.org/wiki/Property_(philosophy)
<p>In <a href="/wiki/Philosophy" title="Philosophy">philosophy</a> and <a href="/wiki/Mathematics" title="Mathematics">mathematics</a> , a <b>property</b> is a characteristic of an <a href="/wiki/Object_(philosophy)" title="Object (philosophy)">object</a>; a red object is said to have the property of redness. The property may be considered a form of object in its own right, able to possess other properties. A property however differs from individual objects in that it may be <a href="/wiki/Instantiation_principle" title="Instantiation principle">instantiated</a>, and often in more than one thing. It differs from the logical/mathematical concept of <a href="/wiki/Class_(set_theory)" title="Class (set theory)">class</a> by not having any concept of <a href="/wiki/Extensionality" title="Extensionality">extensionality</a>, and from the philosophical concept of <a href="/wiki/Class_(philosophy)" title="Class (philosophy)">class</a> in that a property is considered to be distinct from the objects which possess it. Understanding how different individual entities (or particulars) can in some sense have some of the same properties is the basis of the <a href="/wiki/Problem_of_universals" title="Problem of universals">problem of universals</a>. The terms <b>attribute</b> and <b>quality</b> have similar meanings.</p> is not link
checking In 
count is now 0
got https://en.wikipedia.org/wiki/Philosophy
found philosophy
Success
]]></system-out>
  <system-err><![CDATA[]]></system-err>
</testsuite>
